<?xml version="1.0" encoding="UTF-8"?>
<!-- Generated by org.testng.reporters.JUnitReportReporter -->
<testsuite hostname="LAPTOP-VN1CB8H2" failures="0" tests="3" name="com.tf.excel.readtestsuite" time="0.011" errors="0" timestamp="20 Jun 2022 09:26:22 GMT">
  <testcase classname="com.tf.excel.readtestsuite" name="readtestsuiteandexecutetestcase" time="0.009"/>
  <testcase classname="com.tf.excel.readtestsuite" name="readtestsuiteandexecutetestcase" time="0.001"/>
  <testcase classname="com.tf.excel.readtestsuite" name="readtestsuiteandexecutetestcase" time="0.001"/>
</testsuite> <!-- com.tf.excel.readtestsuite -->
